<?xml version="1.0" encoding="UTF-8"?>
<!-- Generated by org.testng.reporters.JUnitXMLReporter -->
<testsuite ignored="0" hostname="DESKTOP-AEGKNII" failures="0" tests="7" name="my tests" time="47.795" errors="0" timestamp="2026-06-10T02:38:43 IST">
  <testcase classname="seleniumPractice.OrangeHrmTest" name="openapp" time="34.044"/>
  <testcase classname="seleniumPractice.OrangeHrmTest" name="testLogo" time="4.258"/>
  <testcase classname="seleniumPractice.OrangeHrmTest" name="login" time="5.329"/>
  <testcase classname="seleniumPractice.OrangeHrmTest" name="logout" time="3.942"/>
  <testcase classname="seleniumPractice.FirstTestCase" name="openapp" time="0.015"/>
  <testcase classname="seleniumPractice.FirstTestCase" name="login" time="0.016"/>
  <testcase classname="seleniumPractice.FirstTestCase" name="logot" time="0.0"/>
</testsuite> <!-- my tests -->
