<?xml version="1.0" encoding="UTF-8"?>
<!-- Generated by org.testng.reporters.JUnitXMLReporter -->
<testsuite ignored="0" hostname="DESKTOP-AEGKNII" failures="0" tests="4" name="Default test" time="76.322" errors="0" timestamp="2026-07-08T17:00:58 IST">
  <testcase classname="seleniumPractice.OrangeHrmTest" name="openapp" time="46.242"/>
  <testcase classname="seleniumPractice.OrangeHrmTest" name="testLogo" time="5.64"/>
  <testcase classname="seleniumPractice.OrangeHrmTest" name="login" time="14.748"/>
  <testcase classname="seleniumPractice.OrangeHrmTest" name="logout" time="9.441"/>
</testsuite> <!-- Default test -->
