<?xml version="1.0" encoding="UTF-8"?>
<!-- Generated by org.testng.reporters.JUnitXMLReporter -->
<testsuite ignored="0" hostname="DESKTOP-AEGKNII" failures="1" tests="4" name="chrometest" time="46.086" errors="0" timestamp="2026-07-08T17:34:13 IST">
  <testcase classname="seleniumPractice.OrangeHrmTest" name="openapp" time="37.52"/>
  <testcase classname="seleniumPractice.OrangeHrmTest" name="testLogo" time="3.003"/>
  <testcase classname="seleniumPractice.OrangeHrmTest" name="login" time="1.22"/>
  <testcase classname="seleniumPractice.OrangeHrmTest" name="logout" time="3.699">
    <failure type="org.openqa.selenium.WebDriverException" message="Timed out waiting for driver server to shutdown.
Build info: version: &amp;apos;4.21.0&amp;apos;, revision: &amp;apos;79ed462ef4&amp;apos;
System info: os.name: &amp;apos;Windows 11&amp;apos;, os.arch: &amp;apos;amd64&amp;apos;, os.version: &amp;apos;10.0&amp;apos;, java.version: &amp;apos;17.0.17&amp;apos;
Driver info: org.openqa.selenium.chrome.ChromeDriver
Command: [a426c4011e735fca0e446d59d292685b, quit {}]
Capabilities {acceptInsecureCerts: false, browserName: chrome, browserVersion: 149.0.7827.201, chrome: {chromedriverVersion: 149.0.7827.155 (07b52360cc1..., userDataDir: C:\Users\admin\AppData\Loca...}, fedcm:accounts: true, goog:chromeOptions: {debuggerAddress: localhost:62011}, goog:processID: 13340, networkConnectionEnabled: false, pageLoadStrategy: normal, platformName: windows, proxy: Proxy(), se:cdp: ws://localhost:62011/devtoo..., se:cdpVersion: 149.0.7827.201, setWindowRect: true, strictFileInteractability: false, timeouts: {implicit: 0, pageLoad: 300000, script: 30000}, unhandledPromptBehavior: dismiss and notify, webauthn:extension:credBlob: true, webauthn:extension:largeBlob: true, webauthn:extension:minPinLength: true, webauthn:extension:prf: true, webauthn:virtualAuthenticators: true}
Session ID: a426c4011e735fca0e446d59d292685b">
      <![CDATA[org.openqa.selenium.WebDriverException: Timed out waiting for driver server to shutdown.
Build info: version: '4.21.0', revision: '79ed462ef4'
System info: os.name: 'Windows 11', os.arch: 'amd64', os.version: '10.0', java.version: '17.0.17'
Driver info: org.openqa.selenium.chrome.ChromeDriver
Command: [a426c4011e735fca0e446d59d292685b, quit {}]
Capabilities {acceptInsecureCerts: false, browserName: chrome, browserVersion: 149.0.7827.201, chrome: {chromedriverVersion: 149.0.7827.155 (07b52360cc1..., userDataDir: C:\Users\admin\AppData\Loca...}, fedcm:accounts: true, goog:chromeOptions: {debuggerAddress: localhost:62011}, goog:processID: 13340, networkConnectionEnabled: false, pageLoadStrategy: normal, platformName: windows, proxy: Proxy(), se:cdp: ws://localhost:62011/devtoo..., se:cdpVersion: 149.0.7827.201, setWindowRect: true, strictFileInteractability: false, timeouts: {implicit: 0, pageLoad: 300000, script: 30000}, unhandledPromptBehavior: dismiss and notify, webauthn:extension:credBlob: true, webauthn:extension:largeBlob: true, webauthn:extension:minPinLength: true, webauthn:extension:prf: true, webauthn:virtualAuthenticators: true}
Session ID: a426c4011e735fca0e446d59d292685b
at org.openqa.selenium.remote.service.DriverService.stop(DriverService.java:309)
at org.openqa.selenium.remote.service.DriverCommandExecutor.execute(DriverCommandExecutor.java:161)
at org.openqa.selenium.remote.RemoteWebDriver.execute(RemoteWebDriver.java:518)
at org.openqa.selenium.remote.RemoteWebDriver.execute(RemoteWebDriver.java:591)
at org.openqa.selenium.remote.RemoteWebDriver.execute(RemoteWebDriver.java:595)
at org.openqa.selenium.remote.RemoteWebDriver.quit(RemoteWebDriver.java:433)
at org.openqa.selenium.chromium.ChromiumDriver.quit(ChromiumDriver.java:435)
at seleniumPractice.OrangeHrmTest.logout(OrangeHrmTest.java:44)
at java.base/java.util.ArrayList.forEach(ArrayList.java:1511)
Caused by: org.openqa.selenium.net.UrlChecker$TimeoutException: Timed out waiting for http://localhost:48257/shutdown to become unavailable after 3012 ms
at org.openqa.selenium.net.UrlChecker.waitUntilUnavailable(UrlChecker.java:140)
at org.openqa.selenium.remote.service.DriverService.stop(DriverService.java:300)
... 35 more
Caused by: java.util.concurrent.TimeoutException
at java.base/java.util.concurrent.FutureTask.get(FutureTask.java:204)
at org.openqa.selenium.net.UrlChecker.waitUntilUnavailable(UrlChecker.java:137)
... 36 more
... Removed 27 stack frames]]>
    </failure>
  </testcase> <!-- logout -->
</testsuite> <!-- chrometest -->
