<?xml version="1.0" encoding="UTF-8"?>
<!-- Generated by org.testng.reporters.JUnitXMLReporter -->
<testsuite ignored="0" hostname="DESKTOP-AEGKNII" failures="0" tests="4" name="edgetest" time="17.974" errors="0" timestamp="2026-07-08T17:34:31 IST">
  <testcase classname="seleniumPractice.OrangeHrmTest" name="openapp" time="14.926"/>
  <testcase classname="seleniumPractice.OrangeHrmTest" name="testLogo" time="2.137"/>
  <testcase classname="seleniumPractice.OrangeHrmTest" name="login" time="0.407"/>
  <testcase classname="seleniumPractice.OrangeHrmTest" name="logout" time="0.485"/>
</testsuite> <!-- edgetest -->
