<?xml version="1.0" encoding="UTF-8"?>
<!-- Generated by org.testng.reporters.JUnitXMLReporter -->
<testsuite ignored="0" hostname="DESKTOP-AEGKNII" failures="0" tests="4" name="firefoxtest" time="15.951" errors="0" timestamp="2026-07-08T17:34:47 IST">
  <testcase classname="seleniumPractice.OrangeHrmTest" name="openapp" time="10.373"/>
  <testcase classname="seleniumPractice.OrangeHrmTest" name="testLogo" time="4.399"/>
  <testcase classname="seleniumPractice.OrangeHrmTest" name="login" time="0.376"/>
  <testcase classname="seleniumPractice.OrangeHrmTest" name="logout" time="0.776"/>
</testsuite> <!-- firefoxtest -->
