<?xml version="1.0" encoding="UTF-8"?>
<!-- Generated by org.testng.reporters.JUnitXMLReporter -->
<testsuite ignored="0" hostname="DESKTOP-AEGKNII" failures="0" tests="3" name="Test" time="30.672" errors="0" timestamp="2026-06-12T18:25:57 IST">
  <testcase classname="seleniumPractice.ParamTest" name="logoTest" time="0.974"/>
  <testcase classname="seleniumPractice.ParamTest" name="titleTest" time="0.021"/>
  <testcase classname="seleniumPractice.ParamTest" name="urlTest" time="0.026"/>
</testsuite> <!-- Test -->
