<?xml version="1.0" encoding="UTF-8"?>
<!-- Generated by org.testng.reporters.JUnitReportReporter -->
<testsuite hostname="DESKTOP-AEGKNII" failures="0" tests="3" name="seleniumPractice.DataProviderDemo" time="12.883" errors="0" timestamp="2026-06-12T02:47:52 IST" skipped="0">
  <testcase classname="seleniumPractice.DataProviderDemo" name="testLogin" time="3.999"/>
  <testcase classname="seleniumPractice.DataProviderDemo" name="testLogin" time="2.745"/>
  <testcase classname="seleniumPractice.DataProviderDemo" name="testLogin" time="6.139"/>
</testsuite> <!-- seleniumPractice.DataProviderDemo -->
