<?xml version="1.0" encoding="UTF-8"?>
<!-- Generated by org.testng.reporters.JUnitReportReporter -->
<testsuite hostname="DESKTOP-AEGKNII" failures="0" tests="12" name="seleniumPractice.OrangeHrmTest" time="79.321" errors="1" timestamp="2026-07-08T17:34:47 IST" skipped="0">
  <testcase classname="seleniumPractice.OrangeHrmTest" name="openapp" time="14.926"/>
  <testcase classname="seleniumPractice.OrangeHrmTest" name="openapp" time="37.520"/>
  <testcase classname="seleniumPractice.OrangeHrmTest" name="openapp" time="10.373"/>
  <testcase classname="seleniumPractice.OrangeHrmTest" name="testLogo" time="2.137"/>
  <testcase classname="seleniumPractice.OrangeHrmTest" name="testLogo" time="3.003"/>
  <testcase classname="seleniumPractice.OrangeHrmTest" name="testLogo" time="4.399"/>
  <testcase classname="seleniumPractice.OrangeHrmTest" name="login" time="1.220"/>
  <testcase classname="seleniumPractice.OrangeHrmTest" name="login" time="0.407"/>
  <testcase classname="seleniumPractice.OrangeHrmTest" name="login" time="0.376"/>
  <testcase classname="seleniumPractice.OrangeHrmTest" name="logout" time="0.485"/>
  <testcase classname="seleniumPractice.OrangeHrmTest" name="logout" time="0.776"/>
  <testcase classname="seleniumPractice.OrangeHrmTest" name="logout" time="3.699">
    <error message="Timed out waiting for driver server to shutdown.
Build info: version: &#039;4.21.0&#039;, revision: &#039;79ed462ef4&#039;
System info: os.name: &#039;Windows 11&#039;, os.arch: &#039;amd64&#039;, os.version: &#039;10.0&#039;, java.version: &#039;17.0.17&#039;
Driver info: org.openqa.selenium.chrome.ChromeDriver
Command: [a426c4011e735fca0e446d59d292685b, quit {}]
Capabilities {acceptInsecureCerts: false, browserName: chrome, browserVersion: 149.0.7827.201, chrome: {chromedriverVersion: 149.0.7827.155 (07b52360cc1..., userDataDir: C:\Users\admin\AppData\Loca...}, fedcm:accounts: true, goog:chromeOptions: {debuggerAddress: localhost:62011}, goog:processID: 13340, networkConnectionEnabled: false, pageLoadStrategy: normal, platformName: windows, proxy: Proxy(), se:cdp: ws://localhost:62011/devtoo..., se:cdpVersion: 149.0.7827.201, setWindowRect: true, strictFileInteractability: false, timeouts: {implicit: 0, pageLoad: 300000, script: 30000}, unhandledPromptBehavior: dismiss and notify, webauthn:extension:credBlob: true, webauthn:extension:largeBlob: true, webauthn:extension:minPinLength: true, webauthn:extension:prf: true, webauthn:virtualAuthenticators: true}
Session ID: a426c4011e735fca0e446d59d292685b" type="org.openqa.selenium.WebDriverException">
      <![CDATA[org.openqa.selenium.WebDriverException: Timed out waiting for driver server to shutdown.
Build info: version: '4.21.0', revision: '79ed462ef4'
System info: os.name: 'Windows 11', os.arch: 'amd64', os.version: '10.0', java.version: '17.0.17'
Driver info: org.openqa.selenium.chrome.ChromeDriver
Command: [a426c4011e735fca0e446d59d292685b, quit {}]
Capabilities {acceptInsecureCerts: false, browserName: chrome, browserVersion: 149.0.7827.201, chrome: {chromedriverVersion: 149.0.7827.155 (07b52360cc1..., userDataDir: C:\Users\admin\AppData\Loca...}, fedcm:accounts: true, goog:chromeOptions: {debuggerAddress: localhost:62011}, goog:processID: 13340, networkConnectionEnabled: false, pageLoadStrategy: normal, platformName: windows, proxy: Proxy(), se:cdp: ws://localhost:62011/devtoo..., se:cdpVersion: 149.0.7827.201, setWindowRect: true, strictFileInteractability: false, timeouts: {implicit: 0, pageLoad: 300000, script: 30000}, unhandledPromptBehavior: dismiss and notify, webauthn:extension:credBlob: true, webauthn:extension:largeBlob: true, webauthn:extension:minPinLength: true, webauthn:extension:prf: true, webauthn:virtualAuthenticators: true}
Session ID: a426c4011e735fca0e446d59d292685b
at org.openqa.selenium.remote.service.DriverService.stop(DriverService.java:309)
at org.openqa.selenium.remote.service.DriverCommandExecutor.execute(DriverCommandExecutor.java:161)
at org.openqa.selenium.remote.RemoteWebDriver.execute(RemoteWebDriver.java:518)
at org.openqa.selenium.remote.RemoteWebDriver.execute(RemoteWebDriver.java:591)
at org.openqa.selenium.remote.RemoteWebDriver.execute(RemoteWebDriver.java:595)
at org.openqa.selenium.remote.RemoteWebDriver.quit(RemoteWebDriver.java:433)
at org.openqa.selenium.chromium.ChromiumDriver.quit(ChromiumDriver.java:435)
at seleniumPractice.OrangeHrmTest.logout(OrangeHrmTest.java:44)
at java.base/jdk.internal.reflect.NativeMethodAccessorImpl.invoke0(Native Method)
at java.base/jdk.internal.reflect.NativeMethodAccessorImpl.invoke(NativeMethodAccessorImpl.java:77)
at java.base/jdk.internal.reflect.DelegatingMethodAccessorImpl.invoke(DelegatingMethodAccessorImpl.java:43)
at java.base/java.lang.reflect.Method.invoke(Method.java:568)
at org.testng.internal.invokers.MethodInvocationHelper.invokeMethod(MethodInvocationHelper.java:141)
at org.testng.internal.invokers.TestInvoker.invokeMethod(TestInvoker.java:687)
at org.testng.internal.invokers.TestInvoker.invokeTestMethod(TestInvoker.java:230)
at org.testng.internal.invokers.MethodRunner.runInSequence(MethodRunner.java:63)
at org.testng.internal.invokers.TestInvoker$MethodInvocationAgent.invoke(TestInvoker.java:995)
at org.testng.internal.invokers.TestInvoker.invokeTestMethods(TestInvoker.java:203)
at org.testng.internal.invokers.TestMethodWorker.invokeTestMethods(TestMethodWorker.java:154)
at org.testng.internal.invokers.TestMethodWorker.run(TestMethodWorker.java:134)
at java.base/java.util.ArrayList.forEach(ArrayList.java:1511)
at org.testng.TestRunner.privateRun(TestRunner.java:741)
at org.testng.TestRunner.run(TestRunner.java:616)
at org.testng.SuiteRunner.runTest(SuiteRunner.java:421)
at org.testng.SuiteRunner.runSequentially(SuiteRunner.java:413)
at org.testng.SuiteRunner.privateRun(SuiteRunner.java:373)
at org.testng.SuiteRunner.run(SuiteRunner.java:312)
at org.testng.SuiteRunnerWorker.runSuite(SuiteRunnerWorker.java:52)
at org.testng.SuiteRunnerWorker.run(SuiteRunnerWorker.java:95)
at org.testng.TestNG.runSuitesSequentially(TestNG.java:1274)
at org.testng.TestNG.runSuitesLocally(TestNG.java:1208)
at org.testng.TestNG.runSuites(TestNG.java:1112)
at org.testng.TestNG.run(TestNG.java:1079)
at org.testng.remote.AbstractRemoteTestNG.run(AbstractRemoteTestNG.java:115)
at org.testng.remote.RemoteTestNG.initAndRun(RemoteTestNG.java:293)
at org.testng.remote.RemoteTestNG.main(RemoteTestNG.java:91)
Caused by: org.openqa.selenium.net.UrlChecker$TimeoutException: Timed out waiting for http://localhost:48257/shutdown to become unavailable after 3012 ms
at org.openqa.selenium.net.UrlChecker.waitUntilUnavailable(UrlChecker.java:140)
at org.openqa.selenium.remote.service.DriverService.stop(DriverService.java:300)
... 35 more
Caused by: java.util.concurrent.TimeoutException
at java.base/java.util.concurrent.FutureTask.get(FutureTask.java:204)
at org.openqa.selenium.net.UrlChecker.waitUntilUnavailable(UrlChecker.java:137)
... 36 more
]]>
    </error>
  </testcase> <!-- logout -->
</testsuite> <!-- seleniumPractice.OrangeHrmTest -->
