<?xml version="1.0" encoding="UTF-8"?>
<!-- Generated by org.testng.reporters.JUnitReportReporter -->
<testsuite hostname="DESKTOP-AEGKNII" failures="0" tests="2" name="seleniumPractice.Testng_Annotations_Demo2" time="0.020" errors="0" timestamp="2026-06-10T12:43:54 IST" skipped="0">
  <testcase classname="seleniumPractice.Testng_Annotations_Demo2" name="AdvancedSearch" time="0.014"/>
  <testcase classname="seleniumPractice.Testng_Annotations_Demo2" name="Search" time="0.006"/>
</testsuite> <!-- seleniumPractice.Testng_Annotations_Demo2 -->
