<?xml version="1.0" encoding="UTF-8"?>
<!-- Generated by org.testng.reporters.JUnitReportReporter -->
<testsuite hostname="DESKTOP-AEGKNII" failures="0" tests="2" name="seleniumPractice.Dependencymethod" time="0.020" errors="0" timestamp="2026-06-11T01:34:11 IST" skipped="0">
  <testcase classname="seleniumPractice.Dependencymethod" name="login" time="0.018"/>
  <testcase classname="seleniumPractice.Dependencymethod" name="logout" time="0.002"/>
</testsuite> <!-- seleniumPractice.Dependencymethod -->
