<?xml version="1.0" encoding="UTF-8"?>
<!-- Generated by org.testng.reporters.JUnitReportReporter -->
<testsuite hostname="DESKTOP-AEGKNII" failures="0" tests="3" name="seleniumPractice.FirstTestCase" time="0.031" errors="0" timestamp="2026-06-10T02:38:44 IST" skipped="0">
  <testcase classname="seleniumPractice.FirstTestCase" name="openapp" time="0.015"/>
  <testcase classname="seleniumPractice.FirstTestCase" name="login" time="0.016"/>
  <testcase classname="seleniumPractice.FirstTestCase" name="logot" time="0.000"/>
</testsuite> <!-- seleniumPractice.FirstTestCase -->
