<?xml version="1.0" encoding="UTF-8"?>
<!-- Generated by org.testng.reporters.JUnitReportReporter -->
<testsuite hostname="DESKTOP-AEGKNII" failures="0" tests="2" name="seleniumPractice.Testng_Annotations_Demo" time="0.042" errors="0" timestamp="2026-06-10T12:44:44 IST" skipped="0">
  <testcase classname="seleniumPractice.Testng_Annotations_Demo" name="Search" time="0.023"/>
  <testcase classname="seleniumPractice.Testng_Annotations_Demo" name="AdvancedSearch" time="0.019"/>
</testsuite> <!-- seleniumPractice.Testng_Annotations_Demo -->
