<?xml version="1.0" encoding="UTF-8"?>
<!-- Generated by org.testng.reporters.JUnitXMLReporter -->
<testsuite ignored="3" hostname="DESKTOP-AEGKNII" failures="0" tests="2" name="GroupingTest" time="0.122" errors="0" timestamp="2026-06-11T01:34:11 IST">
  <testcase classname="seleniumPractice.Dependencymethod" name="login" time="0.018"/>
  <testcase classname="seleniumPractice.Dependencymethod" name="logout" time="0.002"/>
  <testcase classname="seleniumPractice.Dependencymethod" name="advancedSearch" time="0.0">
    <ignored/>
  </testcase> <!-- advancedSearch -->
  <testcase classname="seleniumPractice.Dependencymethod" name="openApp" time="0.0">
    <ignored/>
  </testcase> <!-- openApp -->
  <testcase classname="seleniumPractice.Dependencymethod" name="search" time="0.0">
    <ignored/>
  </testcase> <!-- search -->
</testsuite> <!-- GroupingTest -->
